RiseOfDarkness/cocos2d/cocos/platform/android/libcocos2dx/build/outputs/logs/manifest-merger-debug-report.txt
-- Merging decision tree log ---
manifest
ADDED from android\libcocos2dx\AndroidManifest.xml:1:1-9:12
INJECTED from android\libcocos2dx\AndroidManifest.xml:1:1-9:12
INJECTED from android\libcocos2dx\AndroidManifest.xml:1:1-9:12
INJECTED from android\libcocos2dx\AndroidManifest.xml:1:1-9:12
INJECTED from android\libcocos2dx\AndroidManifest.xml:1:1-9:12
INJECTED from android\libcocos2dx\AndroidManifest.xml:1:1-9:12
INJECTED from android\libcocos2dx\AndroidManifest.xml:1:1-9:12
	package
		ADDED from android\libcocos2dx\AndroidManifest.xml:1:70-96
		INJECTED from android\libcocos2dx\AndroidManifest.xml
		INJECTED from android\libcocos2dx\AndroidManifest.xml
	android:versionName
		INJECTED from android\libcocos2dx\AndroidManifest.xml
		ADDED from android\libcocos2dx\AndroidManifest.xml:1:1-9:12
		INJECTED from android\libcocos2dx\AndroidManifest.xml
	android:versionCode
		INJECTED from android\libcocos2dx\AndroidManifest.xml
		ADDED from android\libcocos2dx\AndroidManifest.xml:1:1-9:12
		INJECTED from android\libcocos2dx\AndroidManifest.xml
	xmlns:android
		ADDED from android\libcocos2dx\AndroidManifest.xml:1:11-69
uses-permission#android.permission.VIBRATE
ADDED from android\libcocos2dx\AndroidManifest.xml:3:5-66
	android:name
		ADDED from android\libcocos2dx\AndroidManifest.xml:3:22-63
application
ADDED from android\libcocos2dx\AndroidManifest.xml:5:5-7:19
	android:allowBackup
		ADDED from android\libcocos2dx\AndroidManifest.xml:5:18-44
uses-sdk
INJECTED from android\libcocos2dx\AndroidManifest.xml reason: use-sdk injection requested
INJECTED from android\libcocos2dx\AndroidManifest.xml
INJECTED from android\libcocos2dx\AndroidManifest.xml
INJECTED from android\libcocos2dx\AndroidManifest.xml
INJECTED from android\libcocos2dx\AndroidManifest.xml
	android:targetSdkVersion
		INJECTED from android\libcocos2dx\AndroidManifest.xml
		ADDED from android\libcocos2dx\AndroidManifest.xml
		INJECTED from android\libcocos2dx\AndroidManifest.xml
	android:minSdkVersion
		INJECTED from android\libcocos2dx\AndroidManifest.xml
		ADDED from android\libcocos2dx\AndroidManifest.xml
		INJECTED from android\libcocos2dx\AndroidManifest.xml